0 info it worked if it ends with ok
1 verbose cli [ 'c:\\Program Files\\nodejs\\node.exe',
1 verbose cli   'c:\\Program Files\\nodejs\\node_modules\\npm\\bin\\npm-cli.js',
1 verbose cli   'publish' ]
2 info using npm@1.3.21
3 info using node@v0.10.24
4 verbose publish [ '.' ]
5 error Error: Invalid version: "0.0.0.2"
5 error     at Object.module.exports.fixVersionField (c:\Program Files\nodejs\node_modules\npm\node_modules\read-package-json\node_modules\normalize-package-data\lib\fixer.js:180:13)
5 error     at c:\Program Files\nodejs\node_modules\npm\node_modules\read-package-json\node_modules\normalize-package-data\lib\normalize.js:29:38
5 error     at Array.forEach (native)
5 error     at normalize (c:\Program Files\nodejs\node_modules\npm\node_modules\read-package-json\node_modules\normalize-package-data\lib\normalize.js:28:15)
5 error     at final (c:\Program Files\nodejs\node_modules\npm\node_modules\read-package-json\read-json.js:310:33)
5 error     at then (c:\Program Files\nodejs\node_modules\npm\node_modules\read-package-json\read-json.js:124:33)
5 error     at c:\Program Files\nodejs\node_modules\npm\node_modules\read-package-json\read-json.js:234:40
5 error     at fs.js:266:14
5 error     at c:\Program Files\nodejs\node_modules\npm\node_modules\graceful-fs\graceful-fs.js:103:5
5 error     at Object.oncomplete (fs.js:107:15)
6 error If you need help, you may report this *entire* log,
6 error including the npm and node versions, at:
6 error     <http://github.com/isaacs/npm/issues>
7 error System Windows_NT 5.2.3790
8 error command "c:\\Program Files\\nodejs\\node.exe" "c:\\Program Files\\nodejs\\node_modules\\npm\\bin\\npm-cli.js" "publish"
9 error cwd i:\dropbox\private\software\uxadt\git-repository\JavaScript
10 error node -v v0.10.24
11 error npm -v 1.3.21
12 verbose exit [ 1, true ]
